<?xml version="1.0" encoding="UTF-8"?>
<testsuite xmlns:xsi="http://www.w3.org/2001/XMLSchema-instance" xsi:noNamespaceSchemaLocation="https://maven.apache.org/surefire/maven-surefire-plugin/xsd/surefire-test-report-3.0.xsd" version="3.0" name="org.example.FunctionSystemIntegrationTest" time="1.067" tests="18" errors="0" skipped="0" failures="0">
  <properties>
[...]
</properties>
  <testcase name="cosKnownValues" classname="org.example.FunctionSystemIntegrationTest" time="0.031"/>
  <testcase name="logSystemThrowsNearSingularity" classname="org.example.FunctionSystemIntegrationTest" time="0.005"/>
  <testcase name="testFunctionSystemDelegatesToTrigSystemForNegative" classname="org.example.FunctionSystemIntegrationTest" time="0.94">
    <system-err><![CDATA[Mockito is currently self-attaching to enable the inline-mock-maker. This will no longer work in future releases of the JDK. Please add Mockito as an agent to your build as described in Mockito's documentation: https://javadoc.io/doc/org.mockito/mockito-core/latest/org.mockito/org/mockito/Mockito.html#0.3
WARNING: A Java agent has been loaded dynamically (C:\Users\grigo\.m2\repository\net\bytebuddy\byte-buddy-agent\1.17.7\byte-buddy-agent-1.17.7.jar)
WARNING: If a serviceability tool is in use, please run with -XX:+EnableDynamicAgentLoading to hide this warning
WARNING: If a serviceability tool is not in use, please run with -Djdk.instrument.traceUsage for more information
WARNING: Dynamic loading of agents will be disallowed by default in a future release
]]></system-err>
  </testcase>
  <testcase name="logSystemAtTwo" classname="org.example.FunctionSystemIntegrationTest" time="0.004"/>
  <testcase name="testFunctionSystemPropagatesExceptionFromLogSystem" classname="org.example.FunctionSystemIntegrationTest" time="0.008"/>
  <testcase name="csvOutputCreatesFile" classname="org.example.FunctionSystemIntegrationTest" time="0.009"/>
  <testcase name="sinKnownValues" classname="org.example.FunctionSystemIntegrationTest" time="0.002"/>
  <testcase name="trigSystemAtMinusOne" classname="org.example.FunctionSystemIntegrationTest" time="0.001"/>
  <testcase name="logSystemThrowsAtLog10Zero" classname="org.example.FunctionSystemIntegrationTest" time="0.002"/>
  <testcase name="lnThrowsForNonPositive" classname="org.example.FunctionSystemIntegrationTest" time="0.003"/>
  <testcase name="testFunctionSystemPropagatesExceptionFromTrigSystem" classname="org.example.FunctionSystemIntegrationTest" time="0.005"/>
  <testcase name="logSystemThrowsForNonPositive" classname="org.example.FunctionSystemIntegrationTest" time="0.002"/>
  <testcase name="testFunctionSystemDelegatesForZeroToTrigSystem" classname="org.example.FunctionSystemIntegrationTest" time="0.003"/>
  <testcase name="trigSystemThrowsAtSingularities" classname="org.example.FunctionSystemIntegrationTest" time="0.002"/>
  <testcase name="lnKnownValues" classname="org.example.FunctionSystemIntegrationTest" time="0.001"/>
  <testcase name="testFunctionSystemDelegatesToLogSystemForPositive" classname="org.example.FunctionSystemIntegrationTest" time="0.003"/>
  <testcase name="systemUsesCorrectBranchForPositive" classname="org.example.FunctionSystemIntegrationTest" time="0.001"/>
  <testcase name="systemUsesCorrectBranchForNegative" classname="org.example.FunctionSystemIntegrationTest" time="0.001"/>
</testsuite>